(node:30772) [MODULE_TYPELESS_PACKAGE_JSON] Warning: Module type of file:///C:/Users/rober/Downloads/Projects/school/ti84-transpile/TI-84_Plus_CE/peripherals.js is not specified and it doesn't parse as CommonJS.
Reparsing as ES module because module syntax was detected. This incurs a performance overhead.
To eliminate this warning, add "type": "module" to C:\Users\rober\Downloads\Projects\package.json.
(Use `node --trace-warnings ...` to show where the warning was created)
Phase 25G-g: brute-force _GetCSC map from 0x0159C0
==================================================
Boot: steps=3025 term=halt lastPc=0x0019b5
Kernel init 0x08C331: steps=100000 term=max_steps lastPc=0x006202
Post init 0x0802B2: steps=1 term=missing_block lastPc=0xffffff
Snapshot taken.

Summary
-------
Total iterations: 64
Unique getcsc codes observed: 64
Non-zero hits: 63
Zero-echo (no-key) cells: 1
Collisions (>=2 raw scans -> same getcsc): 0

Zero-echo raw scans:
  rawScan=0x70 (sdkGroup=7, bit=0, label=DOWN)

Sample (first 10 sorted by rawScan):
  raw=0x00 g=0 b=0 label=key0x70      getcsc=0x70 blocks=6 term=captured@015AD2
  raw=0x01 g=0 b=1 label=key0x71      getcsc=0x71 blocks=6 term=captured@015AD2
  raw=0x02 g=0 b=2 label=key0x72      getcsc=0x72 blocks=6 term=captured@015AD2
  raw=0x03 g=0 b=3 label=key0x73      getcsc=0x73 blocks=6 term=captured@015AD2
  raw=0x04 g=0 b=4 label=key0x74      getcsc=0x74 blocks=6 term=captured@015AD2
  raw=0x05 g=0 b=5 label=key0x75      getcsc=0x75 blocks=6 term=captured@015AD2
  raw=0x06 g=0 b=6 label=key0x76      getcsc=0x76 blocks=6 term=captured@015AD2
  raw=0x07 g=0 b=7 label=key0x77      getcsc=0x77 blocks=6 term=captured@015AD2
  raw=0x10 g=1 b=0 label=GRAPH        getcsc=0x60 blocks=6 term=captured@015AD2
  raw=0x11 g=1 b=1 label=TRACE        getcsc=0x61 blocks=6 term=captured@015AD2

Wrote: C:\Users\rober\Downloads\Projects\school\ti84-transpile\TI-84_Plus_CE\phase25g-g-map.json
Done.
