| rawScan | offset | physLabel | NONE hex | NONE dec | 2nd hex | 2nd dec | ALPHA hex | ALPHA dec | 2ndALPHA hex | 2ndALPHA dec |
|:---|---:|:---|:---|:---|:---|:---|:---|:---|:---|:---|
| N/A | 0 | (no key) | 0xC9 | tok:kRoot | 0x04 | tok:kDown | 0x02 | tok:kLeft | 0x01 | tok:kRight |
| 0x00 | 1 | DOWN | 0x04 | tok:kDown | 0x0E | tok:kBOL | 0x01 | tok:kRight | 0x07 | tok:kAlphaUp |
| 0x01 | 2 | LEFT | 0x02 | tok:kLeft | 0x0F | tok:kEOL | 0x07 | tok:kAlphaUp | 0x00 | NONE |
| 0x02 | 3 | RIGHT | 0x01 | tok:kRight | 0x03 | tok:kUp | 0x00 | NONE | 0x00 | NONE |
| 0x03 | 4 | UP | 0x03 | tok:kUp | 0x00 | NONE | 0x00 | NONE | 0x00 | NONE |
| 0x04 | 5 | key0x04 | 0x00 | NONE | 0x00 | NONE | 0x00 | NONE | 0x00 | NONE |
| 0x05 | 6 | key0x05 | 0x00 | NONE | 0x00 | NONE | 0x00 | NONE | 0x06 | tok:kAlphaEnter |
| 0x06 | 7 | key0x06 | 0x00 | NONE | 0x00 | NONE | 0x06 | tok:kAlphaEnter | 0xCB | tok:kQuote |
| 0x07 | 8 | key0x07 | 0x00 | NONE | 0x0D | tok:kLastEnt | 0xCB | tok:kQuote | 0xF8 | tok:kL6A |
| 0x10 | 9 | ENTER | 0x05 | tok:kEnter | 0x36 | '6' | 0xB0 | tok:kCapW | 0xF3 | tok:kL1A |
| 0x11 | 10 | + | 0x80 | tok:kAdd | 0x88 | tok:kRBrack | 0xAB | tok:kCapR | 0xEE | tok:kI |
| 0x12 | 11 | - | 0x81 | tok:kSub | 0x87 | tok:kLBrack | 0xA6 | tok:kCapM | 0xE9 | tok:kASinH |
| 0x13 | 12 | x | 0x82 | tok:kMul | 0xEF | tok:kCONSTeA | 0xA1 | tok:kCapH | 0x09 | tok:kClear |
| 0x14 | 13 | / | 0x83 | tok:kDiv | 0xB5 | tok:kPi | 0x09 | tok:kClear | 0x00 | NONE |
| 0x15 | 14 | ^ | 0x84 | tok:kExpon | 0x09 | tok:kClear | 0x00 | NONE | 0xCA | tok:kQuest |
| 0x16 | 15 | CLEAR | 0x09 | tok:kClear | 0x00 | NONE | 0xCA | tok:kQuest | 0xCC | tok:kTheta |
| 0x17 | 16 | key0x17 | 0x00 | NONE | 0xC5 | tok:kAns | 0xCC | tok:kTheta | 0xF7 | tok:kL5A |
| 0x20 | 17 | (-) | 0x8C | tok:kChs | 0xF5 | tok:kL3A | 0xAF | tok:kCapV | 0xF2 | tok:kFMax |
| 0x21 | 18 | 3 | 0x91 | tok:0x91 | 0xF8 | tok:kL6A | 0xAA | tok:kCapQ | 0xED | tok:kRBrace |
| 0x22 | 19 | 6 | 0x94 | tok:0x94 | 0xFB | tok:kwnA | 0xA5 | tok:kCapL | 0xE8 | tok:kTanH |
| 0x23 | 20 | 9 | 0x97 | tok:0x97 | 0xED | tok:kRBrace | 0xA0 | tok:kCapG | 0x35 | '5' |
| 0x24 | 21 | ) | 0x86 | tok:kRParen | 0xBC | tok:kATan | 0x35 | '5' | 0x00 | NONE |
| 0x25 | 22 | TAN | 0xBB | tok:kTan | 0x38 | '8' | 0x00 | NONE | 0xC6 | tok:kColon |
| 0x26 | 23 | VARS | 0x35 | '5' | 0x00 | NONE | 0xC6 | tok:kColon | 0xFB | tok:kwnA |
| 0x27 | 24 | key0x27 | 0x00 | NONE | 0xEE | tok:kI | 0xB3 | tok:kCapZ | 0xF6 | tok:kL4A |
| 0x30 | 25 | . | 0x8D | tok:kDecPnt | 0xF4 | tok:kL2A | 0xAE | tok:kCapU | 0xF1 | tok:kFMin |
| 0x31 | 26 | 2 | 0x90 | tok:0x90 | 0xF7 | tok:kL5A | 0xA9 | tok:kCapP | 0xEC | tok:kLBrace |
| 0x32 | 27 | 5 | 0x93 | tok:0x93 | 0xFA | tok:kvnA | 0xA4 | tok:kCapK | 0xE7 | tok:kCosH |
| 0x33 | 28 | 8 | 0x96 | tok:0x96 | 0xEC | tok:kLBrace | 0x9F | tok:kCapF | 0xE4 | tok:kClrHome |
| 0x34 | 29 | ( | 0x85 | tok:kLParen | 0xBA | tok:kACos | 0x9C | tok:kCapC | 0x31 | '1' |
| 0x35 | 30 | COS | 0xB9 | tok:kCos | 0x2F | '/' | 0x31 | '1' | 0x99 | tok:kSpace |
| 0x36 | 31 | PRGM | 0x2D | '-' | 0x3A | ':' | 0x99 | tok:kSpace | 0xFA | tok:kvnA |
| 0x37 | 32 | STAT | 0x31 | '1' | 0x3E | '>' | 0xB2 | tok:kCapY | 0xF5 | tok:kL3A |
| 0x40 | 33 | 0 | 0x8E | tok:0x8E | 0xF3 | tok:kL1A | 0xAD | tok:kCapT | 0xF0 | tok:kPlot3 |
| 0x41 | 34 | 1 | 0x8F | tok:0x8F | 0xF6 | tok:kL4A | 0xA8 | tok:kCapO | 0xEB | tok:kATanH |
| 0x42 | 35 | 4 | 0x92 | tok:0x92 | 0xF9 | tok:kunA | 0xA3 | tok:kCapJ | 0xE6 | tok:kSinH |
| 0x43 | 36 | 7 | 0x95 | tok:0x95 | 0x98 | tok:kEE | 0x9E | tok:kCapE | 0xE3 | tok:kGetKey |
| 0x44 | 37 | , | 0x8B | tok:kComma | 0xB8 | tok:kASin | 0x9B | tok:kCapB | 0xB4 | tok:kVarx |
| 0x45 | 38 | SIN | 0xB7 | tok:kSin | 0x39 | '9' | 0x13 | tok:kBackup | 0x00 | NONE |
| 0x46 | 39 | APPS | 0x2C | ',' | 0x41 | 'A' | 0x00 | NONE | 0xF9 | tok:kunA |
| 0x47 | 40 | X,T,theta,n | 0xB4 | tok:kVarx | 0x00 | NONE | 0xB1 | tok:kCapX | 0xF4 | tok:kL2A |
| 0x50 | 41 | key0x50 | 0x00 | NONE | 0x0C | tok:kRecall | 0xAC | tok:kCapS | 0xEF | tok:kCONSTeA |
| 0x51 | 42 | STO-> | 0x8A | tok:kStore | 0xC0 | tok:kExp | 0xA7 | tok:kCapN | 0xEA | tok:kACosH |
| 0x52 | 43 | LN | 0xBF | tok:kLn | 0xC2 | tok:kALog | 0xA2 | tok:kCapI | 0xE5 | tok:kPrtScr |
| 0x53 | 44 | LOG | 0xC1 | tok:kLog | 0xBE | tok:kSqrt | 0x9D | tok:kCapD | 0xE2 | tok:kOutput |
| 0x54 | 45 | x^2 | 0xBD | tok:kSquare | 0x37 | '7' | 0x9A | tok:kCapA | 0x00 | NONE |
| 0x55 | 46 | x^-1 | 0xB6 | tok:kInv | 0x33 | '3' | 0x00 | NONE | 0x44 | 'D' |
| 0x56 | 47 | MATH | 0x32 | '2' | 0x00 | NONE | 0x44 | 'D' | 0x5A | 'Z' |
| 0x57 | 48 | ALPHA | 0x00 | NONE | 0x4A | 'J' | 0x5A | 'Z' | 0x2E | '.' |
| 0x60 | 49 | GRAPH | 0x44 | 'D' | 0x3B | ';' | 0x2E | '.' | 0x48 | 'H' |
| 0x61 | 50 | TRACE | 0x5A | 'Z' | 0x57 | 'W' | 0x48 | 'H' | 0x49 | 'I' |
| 0x62 | 51 | ZOOM | 0x2E | '.' | 0x4B | 'K' | 0x49 | 'I' | 0x00 | NONE |
| 0x63 | 52 | WINDOW | 0x48 | 'H' | 0x30 | '0' | 0x00 | NONE | 0x45 | 'E' |
| 0x64 | 53 | Y= | 0x49 | 'I' | 0x00 | NONE | 0x45 | 'E' | 0x0A | tok:kDel |
| 0x65 | 54 | 2ND | 0x00 | NONE | 0x40 | '@' | 0x0A | tok:kDel | 0x3D | '=' |
| 0x66 | 55 | MODE | 0x45 | 'E' | 0x0B | tok:kIns | 0x08 | tok:kAlphaDown | 0x62 | 'b' |
| 0x67 | 56 | DEL | 0x0A | tok:kDel | 0x08 | tok:kAlphaDown | 0x02 | tok:kLeft | 0x11 | tok:kUnselAll |
